701687160928337922,701684720774545408,agrestamastelj,RT @movietvtechgeek: even calling it #Junk won't get men to stop touching it #MovieTVTechGeeks @TommyJohn https://t.co/xE6DoEDYpw via @curv…, movietvtechgeek TommyJohn curvygirldiva, Junk MovieTVTechGeeks
701687028593856512,701684720774545408,agrestamastelj,RT @DjKingAssassin: Malcolm X was assassinated 51 years ago today. Woman holding him in upper right of this picture is Yuri Kochiyama. http…, DjKingAssassin,,
701686992451543040,701684720774545408,agrestamastelj,RT @MattBennettBand: Go check out my newest single on ITunes. Barroom Cinderella - Single by Matt Bennett
https://t.co/ZqEayXhKEM, MattBennettBand,,
701686975766642688,701684720774545408,agrestamastelj,RT @SaudiNews50: ??? ?????? ???????? ?????? ???? ????? ????? ???? ????? ????? ??????? ???? ????? ?? ???? _ ????? ???? ?????????????? https:…, SaudiNews50,,
701686958502838274,701684720774545408,agrestamastelj,RT @LSquad_jeremy: Trump 2016 yeezy 2020 ????, LSquad_jeremy,,
701686941910171648,701684720774545408,agrestamastelj,RT @follow_kk5: #????_???_??_??_????_???
 #????_?????_??????_??_???????
 #?????_???_???????
 ???? ??? ??? ???????
#???_??????? https://t.co…, follow_kk5, ????_???_??_??_????_??? ????_?????_??????_??_??????? ?????_???_??????? ???_???????
701686924931678208,701684720774545408,agrestamastelj,RT @LeBronJames: This lady has No Chill. ? https://t.co/gMNyPrViYR, LeBronJames,,
701686907122688000,701684720774545408,agrestamastelj,RT @FootbalIHub: Incredibly, for the first time ever, Lionel Messi has won La Liga's Player of the Month award. https://t.co/kaxg3AGfSO, FootbalIHub,,
701686773546672129,701684720774545408,agrestamastelj,RT @az399845: @ja4tsa
????? ???? ???? ??????? ????? ??????? ???? ?? ?????? ?????? ????? ???? ?????? ???? ????? ??????? ?????? ???????? . 
…, az399845 ja4tsa,,
701686740508082176,701684720774545408,agrestamastelj,RT @win10training: Windows 10 Training available now https://t.co/Ukb45T92M1 https://t.co/lw6Z9Ri0e6 @dynamics_edge #Windows10 #Windows10Tr…, win10training dynamics_edge, Windows10 Windows10Training dynamicsedge
701686653786726400,701684720774545408,agrestamastelj,RT @HeymanHustle: YUP!!! #SuperModel of the Year @EllieGonsalves #PaulHeymanGirl 
#EXCLUSIVE photo by @ImagebyChristos https://t.co/Ov2nmbL…, HeymanHustle EllieGonsalves ImagebyChristos, SuperModel PaulHeymanGirl EXCLUSIVE
701686635591811072,701684720774545408,agrestamastelj,RT @GlamourStudio1: #vote #lca2016  ? Best Live Cam Studio - Glamour Studio ? @LiveCamAwards @GlamourStudio1  ! https://t.co/KaYb6ZFdOX htt…, GlamourStudio1 LiveCamAwards GlamourStudio1, vote lca2016
701686618244177920,701684720774545408,agrestamastelj,RT @SocialKingdome: We want to help you grow and prosper on social media! 
https://t.co/J8kmYKmcn3, SocialKingdome,,
701686470634041344,701684720774545408,agrestamastelj,RT @FootbalIHub: The best free kick ever... ?? https://t.co/GTZBXKGDer, FootbalIHub,,
701686454515331072,701684720774545408,agrestamastelj,RT @FootbalIHub: Imagine... https://t.co/Hs3XrDQlJq, FootbalIHub,,
701686295131770880,701684720774545408,agrestamastelj,RT @Passfeed: THE TOP PLACES YOU'RE MOST LIKELY TO FIND YOUR #LOVE
#WWEFastlane  #SupportToHarry #wisdom2016 #UFCPittsburgh #USWNT https://…, Passfeed, LOVE WWEFastlane SupportToHarry wisdom2016 UFCPittsburgh USWNT
701686278186782720,701684720774545408,agrestamastelj,RT @blondishnet: How to Make the Most out of Yoast SEO by @blondishnet #basicseo #seo https://t.co/snc1oHnY8G via @SlideShare #wcmia, blondishnet blondishnet SlideShare, basicseo seo wcmia
701686255743016960,701684720774545408,agrestamastelj,RT @Snowden: Journalists: Crucial details in the @FBI v. #Apple case are being obscured by officials. Skepticism here is fair: https://t.co…, Snowden FBI, Apple
701686237225156608,701684720774545408,agrestamastelj,RT @FootbalIHub: Who would you rather have on your team? 

RT for Suarez
Fav for Aguero https://t.co/FgC4xWIxaL, FootbalIHub,,
701686219097427969,701684720774545408,agrestamastelj,RT @unifiedpatents: @UnifiedPatents files for IPR against patent asserted in various jurisdictions against 36 companies by Mr. Grecia https…, unifiedpatents unifiedpatents,,
701686188894265344,701684720774545408,agrestamastelj,RT @follow_kk5: #??_?????_??????_??????? #??????_??_????_????_?????
 #?????_????_?????
???? ??? ??? ???????
#???_???????
0532547414 https:/…, follow_kk5, ??_?????_??????_??????? ??????_??_????_????_????? ?????_????_????? ???_???????
701686155893460993,701684720774545408,agrestamastelj,RT @faria18000: Recommended Birmingham Roofers, Roofing Contractors Birmingham UK - David Evans Roofing https://t.co/AuNnazU0uV, faria18000,,
701686139413995520,701684720774545408,agrestamastelj,RT @canthaight: Ok Twitter I know my tweets are shit but I've got a favor to ask... https://t.co/vBbE1iRJkg, canthaight,,
701686121156243458,701684720774545408,agrestamastelj,RT @MeleMelzMusic: Check out my newest project Don't Give Up EP 
~ https://t.co/4nahtibKD4
~ https://t.co/7I7OD50URG
~ https://t.co/TEIacoo…, MeleMelzMusic,,
701686103213023233,701684720774545408,agrestamastelj,RT @girlprobIem: twitter has taught me more about respect, gay rights, equality, poverty, feminism and many more important topics than scho…, girlprobIem,,
701685947625242624,701684720774545408,agrestamastelj,RT @AyshaRouge_LJ: #vote #lca2016  ? Best Live Cam Studio - Glamour Studio ? @LiveCamAwards ! https://t.co/fM6u0LxFMW   @welshsamurai1 http…, AyshaRouge_LJ LiveCamAwards welshsamurai1, vote lca2016
701685677679845377,701684720774545408,agrestamastelj,RT @follow_kk5: #????_???_?????
 #?????_???????_???????
 #????_????_?????
???? ??? ??? ???????
#???_???????
0532547414 https://t.co/nE06fHb…, follow_kk5, ????_???_????? ?????_???????_??????? ????_????_????? ???_???????
701685386901385216,701684720774545408,agrestamastelj,RT @FootbalIHub: Guys who is going to win the #PremierLeague let's hear your opinions! GO

RT once voted, FootbalIHub, PremierLeague
701685351555981312,701684720774545408,agrestamastelj,RT @FootbalIHub: "Do not be afraid. I have come to save all"- Welbeck - 2016 https://t.co/oeqOa0LOn0, FootbalIHub,,
