567  [main] INFO  com.systems.s290.data.SplitTemplate - Clearing data from all targets
148  [main] INFO  com.systems.s290.data.SplitTemplate - Clearing data from all targets
156  [main] INFO  com.systems.s290.data.SplitTemplate - Clearing data from all targets
5902 [main] INFO  com.systems.s290.data.SplitTemplate - Begin split with strategy class com.systems.s290.data.ConsistentHashSplit
561  [main] INFO  com.systems.s290.data.SplitTemplate - Clearing data from all targets
4516 [main] INFO  com.systems.s290.data.SplitTemplate - Begin split with strategy class com.systems.s290.data.ConsistentHashSplit
154  [main] INFO  com.systems.s290.data.SplitTemplate - Clearing data from all targets
4118 [main] INFO  com.systems.s290.data.SplitTemplate - Begin split with strategy class com.systems.s290.data.ConsistentHashSplit
151  [main] INFO  com.systems.s290.data.SplitTemplate - Clearing data from all targets
4068 [main] INFO  com.systems.s290.data.SplitTemplate - Begin split with strategy class com.systems.s290.data.ConsistentHashSplit
545  [main] INFO  com.systems.s290.data.SplitTemplate - Clearing data from all targets
4490 [main] INFO  com.systems.s290.data.SplitTemplate - Begin split with strategy class com.systems.s290.data.ConsistentHashSplit
553  [main] INFO  com.systems.s290.data.SplitTemplate - Clearing data from all targets
14839 [main] INFO  com.systems.s290.data.SplitTemplate - Begin split with strategy class com.systems.s290.data.ConsistentHashSplit
3947463 [main] ERROR com.systems.s290.data.SplitTemplate - error retrieving users from source
com.mysql.jdbc.exceptions.jdbc4.CommunicationsException: Communications link failure

The last packet successfully received from the server was 2,083,185 milliseconds ago.  The last packet sent successfully to the server was 36 milliseconds ago.
	at sun.reflect.NativeConstructorAccessorImpl.newInstance0(Native Method)
	at sun.reflect.NativeConstructorAccessorImpl.newInstance(NativeConstructorAccessorImpl.java:62)
	at sun.reflect.DelegatingConstructorAccessorImpl.newInstance(DelegatingConstructorAccessorImpl.java:45)
	at java.lang.reflect.Constructor.newInstance(Constructor.java:422)
	at com.mysql.jdbc.Util.handleNewInstance(Util.java:404)
	at com.mysql.jdbc.SQLError.createCommunicationsException(SQLError.java:981)
	at com.mysql.jdbc.MysqlIO.reuseAndReadPacket(MysqlIO.java:3465)
	at com.mysql.jdbc.MysqlIO.reuseAndReadPacket(MysqlIO.java:3365)
	at com.mysql.jdbc.MysqlIO.checkErrorPacket(MysqlIO.java:3805)
	at com.mysql.jdbc.MysqlIO.sendCommand(MysqlIO.java:2478)
	at com.mysql.jdbc.MysqlIO.sqlQueryDirect(MysqlIO.java:2625)
	at com.mysql.jdbc.ConnectionImpl.execSQL(ConnectionImpl.java:2551)
	at com.mysql.jdbc.PreparedStatement.executeInternal(PreparedStatement.java:1861)
	at com.mysql.jdbc.PreparedStatement.executeQuery(PreparedStatement.java:1962)
	at org.apache.commons.dbcp2.DelegatingPreparedStatement.executeQuery(DelegatingPreparedStatement.java:83)
	at org.apache.commons.dbcp2.DelegatingPreparedStatement.executeQuery(DelegatingPreparedStatement.java:83)
	at com.systems.s290.data.SplitTemplate.splitInChunks(SplitTemplate.java:68)
	at com.systems.s290.data.SplitTemplate.runSplit(SplitTemplate.java:48)
	at com.systems.s290.data.SplitTemplate.recreate(SplitTemplate.java:25)
	at com.systems.s290.data.TestConsistentHashSplit.testConsistentHash(TestConsistentHashSplit.java:24)
	at sun.reflect.NativeMethodAccessorImpl.invoke0(Native Method)
	at sun.reflect.NativeMethodAccessorImpl.invoke(NativeMethodAccessorImpl.java:62)
	at sun.reflect.DelegatingMethodAccessorImpl.invoke(DelegatingMethodAccessorImpl.java:43)
	at java.lang.reflect.Method.invoke(Method.java:497)
	at org.junit.runners.model.FrameworkMethod$1.runReflectiveCall(FrameworkMethod.java:50)
	at org.junit.internal.runners.model.ReflectiveCallable.run(ReflectiveCallable.java:12)
	at org.junit.runners.model.FrameworkMethod.invokeExplosively(FrameworkMethod.java:47)
	at org.junit.internal.runners.statements.InvokeMethod.evaluate(InvokeMethod.java:17)
	at org.junit.runners.ParentRunner.runLeaf(ParentRunner.java:325)
	at org.junit.runners.BlockJUnit4ClassRunner.runChild(BlockJUnit4ClassRunner.java:78)
	at org.junit.runners.BlockJUnit4ClassRunner.runChild(BlockJUnit4ClassRunner.java:57)
	at org.junit.runners.ParentRunner$3.run(ParentRunner.java:290)
	at org.junit.runners.ParentRunner$1.schedule(ParentRunner.java:71)
	at org.junit.runners.ParentRunner.runChildren(ParentRunner.java:288)
	at org.junit.runners.ParentRunner.access$000(ParentRunner.java:58)
	at org.junit.runners.ParentRunner$2.evaluate(ParentRunner.java:268)
	at org.junit.runners.ParentRunner.run(ParentRunner.java:363)
	at org.eclipse.jdt.internal.junit4.runner.JUnit4TestReference.run(JUnit4TestReference.java:86)
	at org.eclipse.jdt.internal.junit.runner.TestExecution.run(TestExecution.java:38)
	at org.eclipse.jdt.internal.junit.runner.RemoteTestRunner.runTests(RemoteTestRunner.java:459)
	at org.eclipse.jdt.internal.junit.runner.RemoteTestRunner.runTests(RemoteTestRunner.java:675)
	at org.eclipse.jdt.internal.junit.runner.RemoteTestRunner.run(RemoteTestRunner.java:382)
	at org.eclipse.jdt.internal.junit.runner.RemoteTestRunner.main(RemoteTestRunner.java:192)
Caused by: java.net.SocketException: Connection reset
	at java.net.SocketInputStream.read(SocketInputStream.java:209)
	at java.net.SocketInputStream.read(SocketInputStream.java:141)
	at com.mysql.jdbc.util.ReadAheadInputStream.fill(ReadAheadInputStream.java:100)
	at com.mysql.jdbc.util.ReadAheadInputStream.readFromUnderlyingStreamIfNecessary(ReadAheadInputStream.java:143)
	at com.mysql.jdbc.util.ReadAheadInputStream.read(ReadAheadInputStream.java:173)
	at com.mysql.jdbc.MysqlIO.readFully(MysqlIO.java:2954)
	at com.mysql.jdbc.MysqlIO.reuseAndReadPacket(MysqlIO.java:3375)
	... 36 common frames omitted
560  [main] INFO  com.systems.s290.data.SplitTemplate - Clearing data from all targets
6810 [main] INFO  com.systems.s290.data.SplitTemplate - Begin split with strategy class com.systems.s290.data.ConsistentHashSplit
